<?xml version="1.0" encoding="UTF-8"?>
<!-- Generated by org.testng.reporters.JUnitReportReporter -->
<testsuite hostname="p4a-508SD5S" name="com.accenture.test.LoginTest" tests="1" failures="0" timestamp="25 Jul 2018 07:14:25 GMT" time="0.002" errors="0">
  <testcase name="f" time="0.002" classname="com.accenture.test.LoginTest"/>
</testsuite> <!-- com.accenture.test.LoginTest -->
