<?xml version="1.0" encoding="UTF-8"?>
<!-- Generated by org.testng.reporters.JUnitReportReporter -->
<testsuite hostname="p4a-508SD5S" name="com.accenture.test.RegistrationTest" tests="1" failures="0" timestamp="25 Jul 2018 07:18:27 GMT" time="10.938" errors="0">
  <testcase name="f" time="10.938" classname="com.accenture.test.RegistrationTest"/>
</testsuite> <!-- com.accenture.test.RegistrationTest -->
