<?xml version="1.0" encoding="UTF-8"?>
<!-- Generated by org.testng.reporters.JUnitReportReporter -->
<testsuite hostname="p4a-508SD5S" name="Demo.Selenium07_25.AppTest" tests="1" failures="0" timestamp="25 Jul 2018 07:14:25 GMT" time="0.003" errors="0">
  <testcase name="testApp" time="0.003" classname="Demo.Selenium07_25.AppTest"/>
</testsuite> <!-- Demo.Selenium07_25.AppTest -->
